<?xml version="1.0" encoding="UTF-8" ?>
<testsuite tests="19" failures="1" name="org.apache.commons.math.random.AbstractRandomGeneratorTest" time="0.791" errors="0" skipped="0">
  <properties>
    <property name="java.runtime.name" value="OpenJDK Runtime Environment"/>
    <property name="sun.boot.library.path" value="/usr/lib/jvm/java-8-openjdk-amd64/jre/lib/amd64"/>
    <property name="java.vm.version" value="25.131-b11"/>
    <property name="java.vm.vendor" value="Oracle Corporation"/>
    <property name="java.vendor.url" value="http://java.oracle.com/"/>
    <property name="path.separator" value=":"/>
    <property name="java.vm.name" value="OpenJDK 64-Bit Server VM"/>
    <property name="file.encoding.pkg" value="sun.io"/>
    <property name="user.country" value="CA"/>
    <property name="sun.java.launcher" value="SUN_STANDARD"/>
    <property name="sun.os.patch.level" value="unknown"/>
    <property name="java.vm.specification.name" value="Java Virtual Machine Specification"/>
    <property name="user.dir" value="/home/sajjad/Desktop/astor-master/example/Math-issue-309"/>
    <property name="java.runtime.version" value="1.8.0_131-8u131-b11-0ubuntu1.16.10.2-b11"/>
    <property name="java.awt.graphicsenv" value="sun.awt.X11GraphicsEnvironment"/>
    <property name="basedir" value="/home/sajjad/Desktop/astor-master/example/Math-issue-309"/>
    <property name="java.endorsed.dirs" value="/usr/lib/jvm/java-8-openjdk-amd64/jre/lib/endorsed"/>
    <property name="os.arch" value="amd64"/>
    <property name="surefire.real.class.path" value="/tmp/surefirebooter1101679518175662932.jar"/>
    <property name="java.io.tmpdir" value="/tmp"/>
    <property name="line.separator" value="
"/>
    <property name="java.vm.specification.vendor" value="Oracle Corporation"/>
    <property name="os.name" value="Linux"/>
    <property name="sun.jnu.encoding" value="UTF-8"/>
    <property name="java.library.path" value="/usr/java/packages/lib/amd64:/usr/lib/x86_64-linux-gnu/jni:/lib/x86_64-linux-gnu:/usr/lib/x86_64-linux-gnu:/usr/lib/jni:/lib:/usr/lib"/>
    <property name="surefire.test.class.path" value="/home/sajjad/Desktop/astor-master/example/Math-issue-309/target/test-classes:/home/sajjad/Desktop/astor-master/example/Math-issue-309/target/classes:/home/sajjad/.m2/repository/junit/junit/4.4/junit-4.4.jar:"/>
    <property name="java.specification.name" value="Java Platform API Specification"/>
    <property name="java.class.version" value="52.0"/>
    <property name="sun.management.compiler" value="HotSpot 64-Bit Tiered Compilers"/>
    <property name="os.version" value="4.8.0-22-generic"/>
    <property name="user.home" value="/home/sajjad"/>
    <property name="user.timezone" value=""/>
    <property name="java.awt.printerjob" value="sun.print.PSPrinterJob"/>
    <property name="file.encoding" value="UTF-8"/>
    <property name="java.specification.version" value="1.8"/>
    <property name="user.name" value="sajjad"/>
    <property name="java.class.path" value="/home/sajjad/Desktop/astor-master/example/Math-issue-309/target/test-classes:/home/sajjad/Desktop/astor-master/example/Math-issue-309/target/classes:/home/sajjad/.m2/repository/junit/junit/4.4/junit-4.4.jar:"/>
    <property name="java.vm.specification.version" value="1.8"/>
    <property name="sun.arch.data.model" value="64"/>
    <property name="java.home" value="/usr/lib/jvm/java-8-openjdk-amd64/jre"/>
    <property name="sun.java.command" value="/tmp/surefirebooter1101679518175662932.jar /tmp/surefire6453900935661904161tmp /tmp/surefire6754353435416846173tmp"/>
    <property name="java.specification.vendor" value="Oracle Corporation"/>
    <property name="user.language" value="en"/>
    <property name="awt.toolkit" value="sun.awt.X11.XToolkit"/>
    <property name="java.vm.info" value="mixed mode"/>
    <property name="java.version" value="1.8.0_131"/>
    <property name="java.ext.dirs" value="/usr/lib/jvm/java-8-openjdk-amd64/jre/lib/ext:/usr/java/packages/lib/ext"/>
    <property name="sun.boot.class.path" value="/usr/lib/jvm/java-8-openjdk-amd64/jre/lib/resources.jar:/usr/lib/jvm/java-8-openjdk-amd64/jre/lib/rt.jar:/usr/lib/jvm/java-8-openjdk-amd64/jre/lib/sunrsasign.jar:/usr/lib/jvm/java-8-openjdk-amd64/jre/lib/jsse.jar:/usr/lib/jvm/java-8-openjdk-amd64/jre/lib/jce.jar:/usr/lib/jvm/java-8-openjdk-amd64/jre/lib/charsets.jar:/usr/lib/jvm/java-8-openjdk-amd64/jre/lib/jfr.jar:/usr/lib/jvm/java-8-openjdk-amd64/jre/classes"/>
    <property name="java.vendor" value="Oracle Corporation"/>
    <property name="localRepository" value="/home/sajjad/.m2/repository"/>
    <property name="file.separator" value="/"/>
    <property name="java.vendor.url.bug" value="http://bugreport.sun.com/bugreport/"/>
    <property name="sun.cpu.endian" value="little"/>
    <property name="sun.io.unicode.encoding" value="UnicodeLittle"/>
    <property name="sun.desktop" value="gnome"/>
    <property name="sun.cpu.isalist" value=""/>
  </properties>
  <testcase classname="org.apache.commons.math.random.AbstractRandomGeneratorTest" name="testNextInt" time="0"/>
  <testcase classname="org.apache.commons.math.random.AbstractRandomGeneratorTest" name="testNextLong" time="0"/>
  <testcase classname="org.apache.commons.math.random.AbstractRandomGeneratorTest" name="testNextFloat" time="0.001"/>
  <testcase classname="org.apache.commons.math.random.AbstractRandomGeneratorTest" name="testNextBoolean" time="0"/>
  <testcase classname="org.apache.commons.math.random.AbstractRandomGeneratorTest" name="testNextPoisson" time="0.009"/>
  <testcase classname="org.apache.commons.math.random.AbstractRandomGeneratorTest" name="testNextIntExtremeValues" time="0"/>
  <testcase classname="org.apache.commons.math.random.AbstractRandomGeneratorTest" name="testNextLongExtremeValues" time="0"/>
  <testcase classname="org.apache.commons.math.random.AbstractRandomGeneratorTest" name="testNextSecureLong" time="0.001"/>
  <testcase classname="org.apache.commons.math.random.AbstractRandomGeneratorTest" name="testNextSecureInt" time="0.001"/>
  <testcase classname="org.apache.commons.math.random.AbstractRandomGeneratorTest" name="testNextPoissonConsistency" time="0.733"/>
  <testcase classname="org.apache.commons.math.random.AbstractRandomGeneratorTest" name="testNextHex" time="0.023"/>
  <testcase classname="org.apache.commons.math.random.AbstractRandomGeneratorTest" name="testNextSecureHex" time="0.017"/>
  <testcase classname="org.apache.commons.math.random.AbstractRandomGeneratorTest" name="testNextUniform" time="0.001"/>
  <testcase classname="org.apache.commons.math.random.AbstractRandomGeneratorTest" name="testNextUniformExclusiveEndpoints" time="0"/>
  <testcase classname="org.apache.commons.math.random.AbstractRandomGeneratorTest" name="testNextGaussian" time="0.001"/>
  <testcase classname="org.apache.commons.math.random.AbstractRandomGeneratorTest" name="testNextExponential" time="0">
    <failure message="zero mean -- expecting IllegalArgumentException" type="junit.framework.AssertionFailedError">junit.framework.AssertionFailedError: zero mean -- expecting IllegalArgumentException
	at junit.framework.Assert.fail(Assert.java:47)
	at org.apache.commons.math.random.RandomDataTest.testNextExponential(RandomDataTest.java:568)
	at sun.reflect.NativeMethodAccessorImpl.invoke0(Native Method)
	at sun.reflect.NativeMethodAccessorImpl.invoke(NativeMethodAccessorImpl.java:62)
	at sun.reflect.DelegatingMethodAccessorImpl.invoke(DelegatingMethodAccessorImpl.java:43)
	at java.lang.reflect.Method.invoke(Method.java:498)
	at junit.framework.TestCase.runTest(TestCase.java:168)
	at org.apache.commons.math.RetryTestCase.runTest(RetryTestCase.java:52)
	at junit.framework.TestCase.runBare(TestCase.java:134)
	at junit.framework.TestResult$1.protect(TestResult.java:110)
	at junit.framework.TestResult.runProtected(TestResult.java:128)
	at junit.framework.TestResult.run(TestResult.java:113)
	at junit.framework.TestCase.run(TestCase.java:124)
	at junit.framework.TestSuite.runTest(TestSuite.java:232)
	at junit.framework.TestSuite.run(TestSuite.java:227)
	at org.junit.internal.runners.JUnit38ClassRunner.run(JUnit38ClassRunner.java:81)
	at org.apache.maven.surefire.junit4.JUnit4TestSet.execute(JUnit4TestSet.java:62)
	at org.apache.maven.surefire.suite.AbstractDirectoryTestSuite.executeTestSet(AbstractDirectoryTestSuite.java:140)
	at org.apache.maven.surefire.suite.AbstractDirectoryTestSuite.execute(AbstractDirectoryTestSuite.java:127)
	at org.apache.maven.surefire.Surefire.run(Surefire.java:177)
	at sun.reflect.NativeMethodAccessorImpl.invoke0(Native Method)
	at sun.reflect.NativeMethodAccessorImpl.invoke(NativeMethodAccessorImpl.java:62)
	at sun.reflect.DelegatingMethodAccessorImpl.invoke(DelegatingMethodAccessorImpl.java:43)
	at java.lang.reflect.Method.invoke(Method.java:498)
	at org.apache.maven.surefire.booter.SurefireBooter.runSuitesInProcess(SurefireBooter.java:345)
	at org.apache.maven.surefire.booter.SurefireBooter.main(SurefireBooter.java:1009)
</failure>
  </testcase>
  <testcase classname="org.apache.commons.math.random.AbstractRandomGeneratorTest" name="testConfig" time="0"/>
  <testcase classname="org.apache.commons.math.random.AbstractRandomGeneratorTest" name="testNextSample" time="0.002"/>
  <testcase classname="org.apache.commons.math.random.AbstractRandomGeneratorTest" name="testNextPermutation" time="0"/>
</testsuite>