<?xml version="1.0" encoding="UTF-8"?>
<testsuite name="org.apache.commons.math3.geometry.euclidean.threed.Vector3DFormatTest" time="0.002" tests="28" errors="0" skipped="0" failures="0">
  <properties>
    <property name="java.runtime.name" value="OpenJDK Runtime Environment"/>
    <property name="sun.boot.library.path" value="/usr/lib/jvm/java-8-openjdk-amd64/jre/lib/amd64"/>
    <property name="java.vm.version" value="25.131-b11"/>
    <property name="java.vm.vendor" value="Oracle Corporation"/>
    <property name="maven.multiModuleProjectDirectory" value="/home/sajjad/Desktop/astor-master/example/math_ef"/>
    <property name="java.vendor.url" value="http://java.oracle.com/"/>
    <property name="path.separator" value=":"/>
    <property name="guice.disable.misplaced.annotation.check" value="true"/>
    <property name="java.vm.name" value="OpenJDK 64-Bit Server VM"/>
    <property name="file.encoding.pkg" value="sun.io"/>
    <property name="user.country" value="CA"/>
    <property name="sun.java.launcher" value="SUN_STANDARD"/>
    <property name="sun.os.patch.level" value="unknown"/>
    <property name="java.vm.specification.name" value="Java Virtual Machine Specification"/>
    <property name="user.dir" value="/home/sajjad/Desktop/astor-master/example/math_ef"/>
    <property name="java.runtime.version" value="1.8.0_131-8u131-b11-0ubuntu1.16.10.2-b11"/>
    <property name="java.awt.graphicsenv" value="sun.awt.X11GraphicsEnvironment"/>
    <property name="java.endorsed.dirs" value="/usr/lib/jvm/java-8-openjdk-amd64/jre/lib/endorsed"/>
    <property name="os.arch" value="amd64"/>
    <property name="java.io.tmpdir" value="/tmp"/>
    <property name="line.separator" value="&#10;"/>
    <property name="java.vm.specification.vendor" value="Oracle Corporation"/>
    <property name="os.name" value="Linux"/>
    <property name="classworlds.conf" value="/usr/share/maven/bin/m2.conf"/>
    <property name="sun.jnu.encoding" value="UTF-8"/>
    <property name="java.library.path" value="/usr/java/packages/lib/amd64:/usr/lib/x86_64-linux-gnu/jni:/lib/x86_64-linux-gnu:/usr/lib/x86_64-linux-gnu:/usr/lib/jni:/lib:/usr/lib"/>
    <property name="java.specification.name" value="Java Platform API Specification"/>
    <property name="java.class.version" value="52.0"/>
    <property name="sun.management.compiler" value="HotSpot 64-Bit Tiered Compilers"/>
    <property name="os.version" value="4.8.0-59-generic"/>
    <property name="user.home" value="/home/sajjad"/>
    <property name="user.timezone" value="America/Edmonton"/>
    <property name="java.awt.printerjob" value="sun.print.PSPrinterJob"/>
    <property name="file.encoding" value="UTF-8"/>
    <property name="java.specification.version" value="1.8"/>
    <property name="user.name" value="sajjad"/>
    <property name="java.class.path" value="/usr/share/maven/boot/plexus-classworlds-2.x.jar"/>
    <property name="java.vm.specification.version" value="1.8"/>
    <property name="sun.arch.data.model" value="64"/>
    <property name="java.home" value="/usr/lib/jvm/java-8-openjdk-amd64/jre"/>
    <property name="sun.java.command" value="org.codehaus.plexus.classworlds.launcher.Launcher clean compile test"/>
    <property name="java.specification.vendor" value="Oracle Corporation"/>
    <property name="user.language" value="en"/>
    <property name="awt.toolkit" value="sun.awt.X11.XToolkit"/>
    <property name="java.vm.info" value="mixed mode"/>
    <property name="java.version" value="1.8.0_131"/>
    <property name="java.ext.dirs" value="/usr/lib/jvm/java-8-openjdk-amd64/jre/lib/ext:/usr/java/packages/lib/ext"/>
    <property name="securerandom.source" value="file:/dev/./urandom"/>
    <property name="sun.boot.class.path" value="/usr/lib/jvm/java-8-openjdk-amd64/jre/lib/resources.jar:/usr/lib/jvm/java-8-openjdk-amd64/jre/lib/rt.jar:/usr/lib/jvm/java-8-openjdk-amd64/jre/lib/sunrsasign.jar:/usr/lib/jvm/java-8-openjdk-amd64/jre/lib/jsse.jar:/usr/lib/jvm/java-8-openjdk-amd64/jre/lib/jce.jar:/usr/lib/jvm/java-8-openjdk-amd64/jre/lib/charsets.jar:/usr/lib/jvm/java-8-openjdk-amd64/jre/lib/jfr.jar:/usr/lib/jvm/java-8-openjdk-amd64/jre/classes"/>
    <property name="java.vendor" value="Oracle Corporation"/>
    <property name="maven.home" value="/usr/share/maven"/>
    <property name="file.separator" value="/"/>
    <property name="java.vendor.url.bug" value="http://bugreport.sun.com/bugreport/"/>
    <property name="sun.cpu.endian" value="little"/>
    <property name="sun.io.unicode.encoding" value="UnicodeLittle"/>
    <property name="sun.desktop" value="gnome"/>
    <property name="sun.cpu.isalist" value=""/>
  </properties>
  <testcase name="testConstructorSingleFormat" classname="org.apache.commons.math3.geometry.euclidean.threed.Vector3DFormatTest" time="0"/>
  <testcase name="testParseSimpleWithDecimals" classname="org.apache.commons.math3.geometry.euclidean.threed.Vector3DFormatTest" time="0"/>
  <testcase name="testForgottenSeparator" classname="org.apache.commons.math3.geometry.euclidean.threed.Vector3DFormatTest" time="0"/>
  <testcase name="testParseZeroX" classname="org.apache.commons.math3.geometry.euclidean.threed.Vector3DFormatTest" time="0"/>
  <testcase name="testNan" classname="org.apache.commons.math3.geometry.euclidean.threed.Vector3DFormatTest" time="0"/>
  <testcase name="testSimpleWithDecimalsTrunc" classname="org.apache.commons.math3.geometry.euclidean.threed.Vector3DFormatTest" time="0"/>
  <testcase name="testParseNegativeX" classname="org.apache.commons.math3.geometry.euclidean.threed.Vector3DFormatTest" time="0"/>
  <testcase name="testParseNegativeY" classname="org.apache.commons.math3.geometry.euclidean.threed.Vector3DFormatTest" time="0.001"/>
  <testcase name="testParseNegativeZ" classname="org.apache.commons.math3.geometry.euclidean.threed.Vector3DFormatTest" time="0"/>
  <testcase name="testParseNegativeAll" classname="org.apache.commons.math3.geometry.euclidean.threed.Vector3DFormatTest" time="0"/>
  <testcase name="testDefaultFormatVector3D" classname="org.apache.commons.math3.geometry.euclidean.threed.Vector3DFormatTest" time="0"/>
  <testcase name="testForgottenPrefix" classname="org.apache.commons.math3.geometry.euclidean.threed.Vector3DFormatTest" time="0"/>
  <testcase name="testForgottenSuffix" classname="org.apache.commons.math3.geometry.euclidean.threed.Vector3DFormatTest" time="0"/>
  <testcase name="testNegativeX" classname="org.apache.commons.math3.geometry.euclidean.threed.Vector3DFormatTest" time="0"/>
  <testcase name="testNegativeY" classname="org.apache.commons.math3.geometry.euclidean.threed.Vector3DFormatTest" time="0"/>
  <testcase name="testNegativeZ" classname="org.apache.commons.math3.geometry.euclidean.threed.Vector3DFormatTest" time="0"/>
  <testcase name="testParseIgnoredWhitespace" classname="org.apache.commons.math3.geometry.euclidean.threed.Vector3DFormatTest" time="0"/>
  <testcase name="testParseSimpleWithDecimalsTrunc" classname="org.apache.commons.math3.geometry.euclidean.threed.Vector3DFormatTest" time="0"/>
  <testcase name="tesNegativeInfinity" classname="org.apache.commons.math3.geometry.euclidean.threed.Vector3DFormatTest" time="0"/>
  <testcase name="testParseNegativeInfinity" classname="org.apache.commons.math3.geometry.euclidean.threed.Vector3DFormatTest" time="0"/>
  <testcase name="testNonDefaultSetting" classname="org.apache.commons.math3.geometry.euclidean.threed.Vector3DFormatTest" time="0"/>
  <testcase name="testSimpleNoDecimals" classname="org.apache.commons.math3.geometry.euclidean.threed.Vector3DFormatTest" time="0"/>
  <testcase name="testParseSimpleNoDecimals" classname="org.apache.commons.math3.geometry.euclidean.threed.Vector3DFormatTest" time="0"/>
  <testcase name="testPositiveInfinity" classname="org.apache.commons.math3.geometry.euclidean.threed.Vector3DFormatTest" time="0"/>
  <testcase name="testParseNonDefaultSetting" classname="org.apache.commons.math3.geometry.euclidean.threed.Vector3DFormatTest" time="0"/>
  <testcase name="testParseNan" classname="org.apache.commons.math3.geometry.euclidean.threed.Vector3DFormatTest" time="0"/>
  <testcase name="testParsePositiveInfinity" classname="org.apache.commons.math3.geometry.euclidean.threed.Vector3DFormatTest" time="0"/>
  <testcase name="testSimpleWithDecimals" classname="org.apache.commons.math3.geometry.euclidean.threed.Vector3DFormatTest" time="0.001"/>
</testsuite>