<?xml version="1.0" encoding="UTF-8"?>
<testsuite name="org.apache.commons.math3.util.FastMathTest" time="6.789" tests="65" errors="0" skipped="1" failures="0">
  <properties>
    <property name="java.runtime.name" value="OpenJDK Runtime Environment"/>
    <property name="sun.boot.library.path" value="/usr/lib/jvm/java-8-openjdk-amd64/jre/lib/amd64"/>
    <property name="java.vm.version" value="25.131-b11"/>
    <property name="java.vm.vendor" value="Oracle Corporation"/>
    <property name="maven.multiModuleProjectDirectory" value="/home/sajjad/Desktop/astor-master/example/math_ef"/>
    <property name="java.vendor.url" value="http://java.oracle.com/"/>
    <property name="path.separator" value=":"/>
    <property name="guice.disable.misplaced.annotation.check" value="true"/>
    <property name="java.vm.name" value="OpenJDK 64-Bit Server VM"/>
    <property name="file.encoding.pkg" value="sun.io"/>
    <property name="user.country" value="CA"/>
    <property name="sun.java.launcher" value="SUN_STANDARD"/>
    <property name="sun.os.patch.level" value="unknown"/>
    <property name="java.vm.specification.name" value="Java Virtual Machine Specification"/>
    <property name="user.dir" value="/home/sajjad/Desktop/astor-master/example/math_ef"/>
    <property name="java.runtime.version" value="1.8.0_131-8u131-b11-0ubuntu1.16.10.2-b11"/>
    <property name="java.awt.graphicsenv" value="sun.awt.X11GraphicsEnvironment"/>
    <property name="java.endorsed.dirs" value="/usr/lib/jvm/java-8-openjdk-amd64/jre/lib/endorsed"/>
    <property name="os.arch" value="amd64"/>
    <property name="java.io.tmpdir" value="/tmp"/>
    <property name="line.separator" value="&#10;"/>
    <property name="java.vm.specification.vendor" value="Oracle Corporation"/>
    <property name="os.name" value="Linux"/>
    <property name="classworlds.conf" value="/usr/share/maven/bin/m2.conf"/>
    <property name="sun.jnu.encoding" value="UTF-8"/>
    <property name="java.library.path" value="/usr/java/packages/lib/amd64:/usr/lib/x86_64-linux-gnu/jni:/lib/x86_64-linux-gnu:/usr/lib/x86_64-linux-gnu:/usr/lib/jni:/lib:/usr/lib"/>
    <property name="java.specification.name" value="Java Platform API Specification"/>
    <property name="java.class.version" value="52.0"/>
    <property name="sun.management.compiler" value="HotSpot 64-Bit Tiered Compilers"/>
    <property name="os.version" value="4.8.0-59-generic"/>
    <property name="user.home" value="/home/sajjad"/>
    <property name="user.timezone" value="America/Edmonton"/>
    <property name="java.awt.printerjob" value="sun.print.PSPrinterJob"/>
    <property name="file.encoding" value="UTF-8"/>
    <property name="java.specification.version" value="1.8"/>
    <property name="user.name" value="sajjad"/>
    <property name="java.class.path" value="/usr/share/maven/boot/plexus-classworlds-2.x.jar"/>
    <property name="java.vm.specification.version" value="1.8"/>
    <property name="sun.arch.data.model" value="64"/>
    <property name="java.home" value="/usr/lib/jvm/java-8-openjdk-amd64/jre"/>
    <property name="sun.java.command" value="org.codehaus.plexus.classworlds.launcher.Launcher clean compile test"/>
    <property name="java.specification.vendor" value="Oracle Corporation"/>
    <property name="user.language" value="en"/>
    <property name="awt.toolkit" value="sun.awt.X11.XToolkit"/>
    <property name="java.vm.info" value="mixed mode"/>
    <property name="java.version" value="1.8.0_131"/>
    <property name="java.ext.dirs" value="/usr/lib/jvm/java-8-openjdk-amd64/jre/lib/ext:/usr/java/packages/lib/ext"/>
    <property name="securerandom.source" value="file:/dev/./urandom"/>
    <property name="sun.boot.class.path" value="/usr/lib/jvm/java-8-openjdk-amd64/jre/lib/resources.jar:/usr/lib/jvm/java-8-openjdk-amd64/jre/lib/rt.jar:/usr/lib/jvm/java-8-openjdk-amd64/jre/lib/sunrsasign.jar:/usr/lib/jvm/java-8-openjdk-amd64/jre/lib/jsse.jar:/usr/lib/jvm/java-8-openjdk-amd64/jre/lib/jce.jar:/usr/lib/jvm/java-8-openjdk-amd64/jre/lib/charsets.jar:/usr/lib/jvm/java-8-openjdk-amd64/jre/lib/jfr.jar:/usr/lib/jvm/java-8-openjdk-amd64/jre/classes"/>
    <property name="java.vendor" value="Oracle Corporation"/>
    <property name="maven.home" value="/usr/share/maven"/>
    <property name="file.separator" value="/"/>
    <property name="java.vendor.url.bug" value="http://bugreport.sun.com/bugreport/"/>
    <property name="sun.cpu.endian" value="little"/>
    <property name="sun.io.unicode.encoding" value="UnicodeLittle"/>
    <property name="sun.desktop" value="gnome"/>
    <property name="sun.cpu.isalist" value=""/>
  </properties>
  <testcase name="testLogSpecialCases" classname="org.apache.commons.math3.util.FastMathTest" time="0.178"/>
  <testcase name="testToIntExactTooHigh" classname="org.apache.commons.math3.util.FastMathTest" time="0.001"/>
  <testcase name="testDoubleNextAfterSpecialCases" classname="org.apache.commons.math3.util.FastMathTest" time="0"/>
  <testcase name="testIncrementExactInt" classname="org.apache.commons.math3.util.FastMathTest" time="0.001"/>
  <testcase name="testFloorDivInt" classname="org.apache.commons.math3.util.FastMathTest" time="0.069"/>
  <testcase name="testIndicatorDouble" classname="org.apache.commons.math3.util.FastMathTest" time="0.007"/>
  <testcase name="testFloorModInt" classname="org.apache.commons.math3.util.FastMathTest" time="0.044"/>
  <testcase name="testSubtractExactInt" classname="org.apache.commons.math3.util.FastMathTest" time="0.002"/>
  <testcase name="testAtan2SpecialCases" classname="org.apache.commons.math3.util.FastMathTest" time="0"/>
  <testcase name="testCbrtAccuracy" classname="org.apache.commons.math3.util.FastMathTest" time="1.097"/>
  <testcase name="testAtan2" classname="org.apache.commons.math3.util.FastMathTest" time="0"/>
  <testcase name="checkMissingFastMathClasses" classname="org.apache.commons.math3.util.FastMathTest" time="0.012"/>
  <testcase name="testLogAccuracy" classname="org.apache.commons.math3.util.FastMathTest" time="0.14"/>
  <testcase name="testLog1pSpecialCases" classname="org.apache.commons.math3.util.FastMathTest" time="0"/>
  <testcase name="testAcosAccuracy" classname="org.apache.commons.math3.util.FastMathTest" time="0.95"/>
  <testcase name="testMinMaxDouble" classname="org.apache.commons.math3.util.FastMathTest" time="0.001"/>
  <testcase name="testAcosSpecialCases" classname="org.apache.commons.math3.util.FastMathTest" time="0"/>
  <testcase name="testPowSpecialCases" classname="org.apache.commons.math3.util.FastMathTest" time="0.001"/>
  <testcase name="testDoubleScalbSpecialCases" classname="org.apache.commons.math3.util.FastMathTest" time="0"/>
  <testcase name="testToIntExactTooLow" classname="org.apache.commons.math3.util.FastMathTest" time="0"/>
  <testcase name="testTanhAccuracy" classname="org.apache.commons.math3.util.FastMathTest" time="1.342"/>
  <testcase name="testMath905LargePositive" classname="org.apache.commons.math3.util.FastMathTest" time="0.002"/>
  <testcase name="testMath905LargeNegative" classname="org.apache.commons.math3.util.FastMathTest" time="0"/>
  <testcase name="testFloorDivModInt" classname="org.apache.commons.math3.util.FastMathTest" time="0.016"/>
  <testcase name="testToIntExact" classname="org.apache.commons.math3.util.FastMathTest" time="0"/>
  <testcase name="testToRadians" classname="org.apache.commons.math3.util.FastMathTest" time="0.024"/>
  <testcase name="testMultiplyExactLong" classname="org.apache.commons.math3.util.FastMathTest" time="0"/>
  <testcase name="testLogWithBase" classname="org.apache.commons.math3.util.FastMathTest" time="0"/>
  <testcase name="testDecrementExactInt" classname="org.apache.commons.math3.util.FastMathTest" time="0"/>
  <testcase name="testConstants" classname="org.apache.commons.math3.util.FastMathTest" time="0"/>
  <testcase name="testAddExactInt" classname="org.apache.commons.math3.util.FastMathTest" time="0.016"/>
  <testcase name="testTanAccuracy" classname="org.apache.commons.math3.util.FastMathTest" time="0.059"/>
  <testcase name="testMath904" classname="org.apache.commons.math3.util.FastMathTest" time="0"/>
  <testcase name="testFloatScalbSpecialCases" classname="org.apache.commons.math3.util.FastMathTest" time="0"/>
  <testcase name="testAddExactLong" classname="org.apache.commons.math3.util.FastMathTest" time="0"/>
  <testcase name="testToDegrees" classname="org.apache.commons.math3.util.FastMathTest" time="0.018"/>
  <testcase name="testMultiplyExactInt" classname="org.apache.commons.math3.util.FastMathTest" time="0.005"/>
  <testcase name="testSignumFloat" classname="org.apache.commons.math3.util.FastMathTest" time="0"/>
  <testcase name="testSinAccuracy" classname="org.apache.commons.math3.util.FastMathTest" time="0.036"/>
  <testcase name="testAtan2Accuracy" classname="org.apache.commons.math3.util.FastMathTest" time="0.064"/>
  <testcase name="testFloatNextAfterSpecialCases" classname="org.apache.commons.math3.util.FastMathTest" time="0"/>
  <testcase name="testExpm1Accuracy" classname="org.apache.commons.math3.util.FastMathTest" time="0.04"/>
  <testcase name="testSignumDouble" classname="org.apache.commons.math3.util.FastMathTest" time="0"/>
  <testcase name="testMinMaxFloat" classname="org.apache.commons.math3.util.FastMathTest" time="0.001"/>
  <testcase name="testHyperbolic" classname="org.apache.commons.math3.util.FastMathTest" time="0.027"/>
  <testcase name="testFloorModLong" classname="org.apache.commons.math3.util.FastMathTest" time="0.019"/>
  <testcase name="testCoshAccuracy" classname="org.apache.commons.math3.util.FastMathTest" time="0.659"/>
  <testcase name="testSubtractExactLong" classname="org.apache.commons.math3.util.FastMathTest" time="0.001"/>
  <testcase name="testIntPow" classname="org.apache.commons.math3.util.FastMathTest" time="0.01"/>
  <testcase name="testIndicatorFloat" classname="org.apache.commons.math3.util.FastMathTest" time="0.001"/>
  <testcase name="testPowAccuracy" classname="org.apache.commons.math3.util.FastMathTest" time="0.123"/>
  <testcase name="testFloorDivModLong" classname="org.apache.commons.math3.util.FastMathTest" time="0.03"/>
  <testcase name="testFloorDivLong" classname="org.apache.commons.math3.util.FastMathTest" time="0.048"/>
  <testcase name="testExpSpecialCases" classname="org.apache.commons.math3.util.FastMathTest" time="0"/>
  <testcase name="testLog10Accuracy" classname="org.apache.commons.math3.util.FastMathTest" time="0.106"/>
  <testcase name="testAtanAccuracy" classname="org.apache.commons.math3.util.FastMathTest" time="0.053"/>
  <testcase name="testNextAfter" classname="org.apache.commons.math3.util.FastMathTest" time="0"/>
  <testcase name="testLog1pAccuracy" classname="org.apache.commons.math3.util.FastMathTest" time="0.046"/>
  <testcase name="testHyperbolicInverses" classname="org.apache.commons.math3.util.FastMathTest" time="0.008"/>
  <testcase name="checkExtraFastMathClasses" classname="org.apache.commons.math3.util.FastMathTest" time="0">
    <skipped/>
  </testcase>
  <testcase name="testAsinSpecialCases" classname="org.apache.commons.math3.util.FastMathTest" time="0"/>
  <testcase name="testAsinAccuracy" classname="org.apache.commons.math3.util.FastMathTest" time="0.74"/>
  <testcase name="testCosAccuracy" classname="org.apache.commons.math3.util.FastMathTest" time="0.036"/>
  <testcase name="testExpAccuracy" classname="org.apache.commons.math3.util.FastMathTest" time="0.082"/>
  <testcase name="testSinhAccuracy" classname="org.apache.commons.math3.util.FastMathTest" time="0.674"/>
</testsuite>