<?xml version="1.0" encoding="UTF-8"?>
<testsuite name="org.apache.commons.lang.ArrayUtilsTest" time="0.017" tests="120" errors="0" skipped="0" failures="0">
  <properties>
    <property name="java.runtime.name" value="OpenJDK Runtime Environment"/>
    <property name="sun.boot.library.path" value="/usr/lib/jvm/java-8-openjdk-amd64/jre/lib/amd64"/>
    <property name="java.vm.version" value="25.131-b11"/>
    <property name="java.vm.vendor" value="Oracle Corporation"/>
    <property name="maven.multiModuleProjectDirectory" value="/home/sajjad/Desktop/astor-master/example_L/lang_63"/>
    <property name="java.vendor.url" value="http://java.oracle.com/"/>
    <property name="path.separator" value=":"/>
    <property name="guice.disable.misplaced.annotation.check" value="true"/>
    <property name="java.vm.name" value="OpenJDK 64-Bit Server VM"/>
    <property name="file.encoding.pkg" value="sun.io"/>
    <property name="user.country" value="CA"/>
    <property name="sun.java.launcher" value="SUN_STANDARD"/>
    <property name="sun.os.patch.level" value="unknown"/>
    <property name="java.vm.specification.name" value="Java Virtual Machine Specification"/>
    <property name="user.dir" value="/home/sajjad/Desktop/astor-master/example_L/lang_63"/>
    <property name="java.runtime.version" value="1.8.0_131-8u131-b11-0ubuntu1.16.10.2-b11"/>
    <property name="java.awt.graphicsenv" value="sun.awt.X11GraphicsEnvironment"/>
    <property name="java.endorsed.dirs" value="/usr/lib/jvm/java-8-openjdk-amd64/jre/lib/endorsed"/>
    <property name="os.arch" value="amd64"/>
    <property name="java.io.tmpdir" value="/tmp"/>
    <property name="line.separator" value="&#10;"/>
    <property name="java.vm.specification.vendor" value="Oracle Corporation"/>
    <property name="os.name" value="Linux"/>
    <property name="classworlds.conf" value="/usr/share/maven/bin/m2.conf"/>
    <property name="sun.jnu.encoding" value="UTF-8"/>
    <property name="java.library.path" value="/usr/java/packages/lib/amd64:/usr/lib/x86_64-linux-gnu/jni:/lib/x86_64-linux-gnu:/usr/lib/x86_64-linux-gnu:/usr/lib/jni:/lib:/usr/lib"/>
    <property name="java.specification.name" value="Java Platform API Specification"/>
    <property name="java.class.version" value="52.0"/>
    <property name="sun.management.compiler" value="HotSpot 64-Bit Tiered Compilers"/>
    <property name="os.version" value="4.8.0-59-generic"/>
    <property name="user.home" value="/home/sajjad"/>
    <property name="user.timezone" value="America/Edmonton"/>
    <property name="java.awt.printerjob" value="sun.print.PSPrinterJob"/>
    <property name="file.encoding" value="UTF-8"/>
    <property name="java.specification.version" value="1.8"/>
    <property name="user.name" value="sajjad"/>
    <property name="java.class.path" value="/usr/share/maven/boot/plexus-classworlds-2.x.jar"/>
    <property name="java.vm.specification.version" value="1.8"/>
    <property name="sun.arch.data.model" value="64"/>
    <property name="java.home" value="/usr/lib/jvm/java-8-openjdk-amd64/jre"/>
    <property name="sun.java.command" value="org.codehaus.plexus.classworlds.launcher.Launcher clean compile test"/>
    <property name="java.specification.vendor" value="Oracle Corporation"/>
    <property name="user.language" value="en"/>
    <property name="awt.toolkit" value="sun.awt.X11.XToolkit"/>
    <property name="java.vm.info" value="mixed mode"/>
    <property name="java.version" value="1.8.0_131"/>
    <property name="java.ext.dirs" value="/usr/lib/jvm/java-8-openjdk-amd64/jre/lib/ext:/usr/java/packages/lib/ext"/>
    <property name="securerandom.source" value="file:/dev/./urandom"/>
    <property name="sun.boot.class.path" value="/usr/lib/jvm/java-8-openjdk-amd64/jre/lib/resources.jar:/usr/lib/jvm/java-8-openjdk-amd64/jre/lib/rt.jar:/usr/lib/jvm/java-8-openjdk-amd64/jre/lib/sunrsasign.jar:/usr/lib/jvm/java-8-openjdk-amd64/jre/lib/jsse.jar:/usr/lib/jvm/java-8-openjdk-amd64/jre/lib/jce.jar:/usr/lib/jvm/java-8-openjdk-amd64/jre/lib/charsets.jar:/usr/lib/jvm/java-8-openjdk-amd64/jre/lib/jfr.jar:/usr/lib/jvm/java-8-openjdk-amd64/jre/classes"/>
    <property name="java.vendor" value="Oracle Corporation"/>
    <property name="maven.home" value="/usr/share/maven"/>
    <property name="file.separator" value="/"/>
    <property name="java.vendor.url.bug" value="http://bugreport.sun.com/bugreport/"/>
    <property name="sun.cpu.endian" value="little"/>
    <property name="sun.io.unicode.encoding" value="UnicodeLittle"/>
    <property name="sun.desktop" value="gnome"/>
    <property name="sun.cpu.isalist" value=""/>
  </properties>
  <testcase name="testContainsLong" classname="org.apache.commons.lang.ArrayUtilsTest" time="0"/>
  <testcase name="testContainsDouble" classname="org.apache.commons.lang.ArrayUtilsTest" time="0"/>
  <testcase name="testContainsFloat" classname="org.apache.commons.lang.ArrayUtilsTest" time="0"/>
  <testcase name="testConstructor" classname="org.apache.commons.lang.ArrayUtilsTest" time="0"/>
  <testcase name="testHashCode" classname="org.apache.commons.lang.ArrayUtilsTest" time="0.002"/>
  <testcase name="testToString" classname="org.apache.commons.lang.ArrayUtilsTest" time="0.004"/>
  <testcase name="testContainsChar" classname="org.apache.commons.lang.ArrayUtilsTest" time="0"/>
  <testcase name="testIsEquals" classname="org.apache.commons.lang.ArrayUtilsTest" time="0.001"/>
  <testcase name="testToMap" classname="org.apache.commons.lang.ArrayUtilsTest" time="0"/>
  <testcase name="testClone" classname="org.apache.commons.lang.ArrayUtilsTest" time="0.001"/>
  <testcase name="testCloneBoolean" classname="org.apache.commons.lang.ArrayUtilsTest" time="0"/>
  <testcase name="testCloneLong" classname="org.apache.commons.lang.ArrayUtilsTest" time="0"/>
  <testcase name="testCloneInt" classname="org.apache.commons.lang.ArrayUtilsTest" time="0"/>
  <testcase name="testCloneShort" classname="org.apache.commons.lang.ArrayUtilsTest" time="0"/>
  <testcase name="testCloneChar" classname="org.apache.commons.lang.ArrayUtilsTest" time="0"/>
  <testcase name="testCloneByte" classname="org.apache.commons.lang.ArrayUtilsTest" time="0"/>
  <testcase name="testCloneDouble" classname="org.apache.commons.lang.ArrayUtilsTest" time="0"/>
  <testcase name="testCloneFloat" classname="org.apache.commons.lang.ArrayUtilsTest" time="0"/>
  <testcase name="testSubarrayObject" classname="org.apache.commons.lang.ArrayUtilsTest" time="0.001"/>
  <testcase name="testSubarrayLong" classname="org.apache.commons.lang.ArrayUtilsTest" time="0"/>
  <testcase name="testSubarrayInt" classname="org.apache.commons.lang.ArrayUtilsTest" time="0"/>
  <testcase name="testSubarrayShort" classname="org.apache.commons.lang.ArrayUtilsTest" time="0"/>
  <testcase name="testSubarrChar" classname="org.apache.commons.lang.ArrayUtilsTest" time="0"/>
  <testcase name="testSubarrayByte" classname="org.apache.commons.lang.ArrayUtilsTest" time="0"/>
  <testcase name="testSubarrayDouble" classname="org.apache.commons.lang.ArrayUtilsTest" time="0"/>
  <testcase name="testSubarrayFloat" classname="org.apache.commons.lang.ArrayUtilsTest" time="0"/>
  <testcase name="testSubarrayBoolean" classname="org.apache.commons.lang.ArrayUtilsTest" time="0.001"/>
  <testcase name="testSameLength" classname="org.apache.commons.lang.ArrayUtilsTest" time="0"/>
  <testcase name="testSameLengthBoolean" classname="org.apache.commons.lang.ArrayUtilsTest" time="0"/>
  <testcase name="testSameLengthLong" classname="org.apache.commons.lang.ArrayUtilsTest" time="0"/>
  <testcase name="testSameLengthInt" classname="org.apache.commons.lang.ArrayUtilsTest" time="0"/>
  <testcase name="testSameLengthShort" classname="org.apache.commons.lang.ArrayUtilsTest" time="0"/>
  <testcase name="testSameLengthChar" classname="org.apache.commons.lang.ArrayUtilsTest" time="0"/>
  <testcase name="testSameLengthByte" classname="org.apache.commons.lang.ArrayUtilsTest" time="0"/>
  <testcase name="testSameLengthDouble" classname="org.apache.commons.lang.ArrayUtilsTest" time="0"/>
  <testcase name="testSameLengthFloat" classname="org.apache.commons.lang.ArrayUtilsTest" time="0"/>
  <testcase name="testSameType" classname="org.apache.commons.lang.ArrayUtilsTest" time="0.001"/>
  <testcase name="testReverse" classname="org.apache.commons.lang.ArrayUtilsTest" time="0"/>
  <testcase name="testReverseLong" classname="org.apache.commons.lang.ArrayUtilsTest" time="0"/>
  <testcase name="testReverseInt" classname="org.apache.commons.lang.ArrayUtilsTest" time="0"/>
  <testcase name="testReverseShort" classname="org.apache.commons.lang.ArrayUtilsTest" time="0"/>
  <testcase name="testReverseChar" classname="org.apache.commons.lang.ArrayUtilsTest" time="0"/>
  <testcase name="testReverseByte" classname="org.apache.commons.lang.ArrayUtilsTest" time="0"/>
  <testcase name="testReverseDouble" classname="org.apache.commons.lang.ArrayUtilsTest" time="0"/>
  <testcase name="testReverseFloat" classname="org.apache.commons.lang.ArrayUtilsTest" time="0.001"/>
  <testcase name="testReverseBoolean" classname="org.apache.commons.lang.ArrayUtilsTest" time="0"/>
  <testcase name="testIndexOf" classname="org.apache.commons.lang.ArrayUtilsTest" time="0"/>
  <testcase name="testIndexOfWithStartIndex" classname="org.apache.commons.lang.ArrayUtilsTest" time="0"/>
  <testcase name="testLastIndexOf" classname="org.apache.commons.lang.ArrayUtilsTest" time="0"/>
  <testcase name="testLastIndexOfWithStartIndex" classname="org.apache.commons.lang.ArrayUtilsTest" time="0"/>
  <testcase name="testContains" classname="org.apache.commons.lang.ArrayUtilsTest" time="0"/>
  <testcase name="testIndexOfLong" classname="org.apache.commons.lang.ArrayUtilsTest" time="0"/>
  <testcase name="testIndexOfLongWithStartIndex" classname="org.apache.commons.lang.ArrayUtilsTest" time="0"/>
  <testcase name="testLastIndexOfLong" classname="org.apache.commons.lang.ArrayUtilsTest" time="0"/>
  <testcase name="testLastIndexOfLongWithStartIndex" classname="org.apache.commons.lang.ArrayUtilsTest" time="0"/>
  <testcase name="testIndexOfInt" classname="org.apache.commons.lang.ArrayUtilsTest" time="0"/>
  <testcase name="testIndexOfIntWithStartIndex" classname="org.apache.commons.lang.ArrayUtilsTest" time="0"/>
  <testcase name="testLastIndexOfInt" classname="org.apache.commons.lang.ArrayUtilsTest" time="0"/>
  <testcase name="testLastIndexOfIntWithStartIndex" classname="org.apache.commons.lang.ArrayUtilsTest" time="0.001"/>
  <testcase name="testContainsInt" classname="org.apache.commons.lang.ArrayUtilsTest" time="0"/>
  <testcase name="testIndexOfShort" classname="org.apache.commons.lang.ArrayUtilsTest" time="0"/>
  <testcase name="testIndexOfShortWithStartIndex" classname="org.apache.commons.lang.ArrayUtilsTest" time="0"/>
  <testcase name="testLastIndexOfShort" classname="org.apache.commons.lang.ArrayUtilsTest" time="0"/>
  <testcase name="testLastIndexOfShortWithStartIndex" classname="org.apache.commons.lang.ArrayUtilsTest" time="0"/>
  <testcase name="testContainsShort" classname="org.apache.commons.lang.ArrayUtilsTest" time="0"/>
  <testcase name="testIndexOfChar" classname="org.apache.commons.lang.ArrayUtilsTest" time="0"/>
  <testcase name="testIndexOfCharWithStartIndex" classname="org.apache.commons.lang.ArrayUtilsTest" time="0"/>
  <testcase name="testLastIndexOfChar" classname="org.apache.commons.lang.ArrayUtilsTest" time="0"/>
  <testcase name="testLastIndexOfCharWithStartIndex" classname="org.apache.commons.lang.ArrayUtilsTest" time="0"/>
  <testcase name="testIndexOfByte" classname="org.apache.commons.lang.ArrayUtilsTest" time="0"/>
  <testcase name="testIndexOfByteWithStartIndex" classname="org.apache.commons.lang.ArrayUtilsTest" time="0"/>
  <testcase name="testLastIndexOfByte" classname="org.apache.commons.lang.ArrayUtilsTest" time="0.001"/>
  <testcase name="testLastIndexOfByteWithStartIndex" classname="org.apache.commons.lang.ArrayUtilsTest" time="0"/>
  <testcase name="testContainsByte" classname="org.apache.commons.lang.ArrayUtilsTest" time="0"/>
  <testcase name="testIndexOfDouble" classname="org.apache.commons.lang.ArrayUtilsTest" time="0"/>
  <testcase name="testIndexOfDoubleTolerance" classname="org.apache.commons.lang.ArrayUtilsTest" time="0"/>
  <testcase name="testIndexOfDoubleWithStartIndex" classname="org.apache.commons.lang.ArrayUtilsTest" time="0"/>
  <testcase name="testIndexOfDoubleWithStartIndexTolerance" classname="org.apache.commons.lang.ArrayUtilsTest" time="0"/>
  <testcase name="testLastIndexOfDouble" classname="org.apache.commons.lang.ArrayUtilsTest" time="0"/>
  <testcase name="testLastIndexOfDoubleTolerance" classname="org.apache.commons.lang.ArrayUtilsTest" time="0"/>
  <testcase name="testLastIndexOfDoubleWithStartIndex" classname="org.apache.commons.lang.ArrayUtilsTest" time="0"/>
  <testcase name="testLastIndexOfDoubleWithStartIndexTolerance" classname="org.apache.commons.lang.ArrayUtilsTest" time="0"/>
  <testcase name="testContainsDoubleTolerance" classname="org.apache.commons.lang.ArrayUtilsTest" time="0"/>
  <testcase name="testIndexOfFloat" classname="org.apache.commons.lang.ArrayUtilsTest" time="0"/>
  <testcase name="testIndexOfFloatWithStartIndex" classname="org.apache.commons.lang.ArrayUtilsTest" time="0.001"/>
  <testcase name="testLastIndexOfFloat" classname="org.apache.commons.lang.ArrayUtilsTest" time="0"/>
  <testcase name="testLastIndexOfFloatWithStartIndex" classname="org.apache.commons.lang.ArrayUtilsTest" time="0"/>
  <testcase name="testIndexOfBoolean" classname="org.apache.commons.lang.ArrayUtilsTest" time="0"/>
  <testcase name="testIndexOfBooleanWithStartIndex" classname="org.apache.commons.lang.ArrayUtilsTest" time="0"/>
  <testcase name="testLastIndexOfBoolean" classname="org.apache.commons.lang.ArrayUtilsTest" time="0"/>
  <testcase name="testLastIndexOfBooleanWithStartIndex" classname="org.apache.commons.lang.ArrayUtilsTest" time="0"/>
  <testcase name="testContainsBoolean" classname="org.apache.commons.lang.ArrayUtilsTest" time="0"/>
  <testcase name="testToPrimitive_boolean" classname="org.apache.commons.lang.ArrayUtilsTest" time="0"/>
  <testcase name="testToPrimitive_boolean_boolean" classname="org.apache.commons.lang.ArrayUtilsTest" time="0"/>
  <testcase name="testToObject_boolean" classname="org.apache.commons.lang.ArrayUtilsTest" time="0"/>
  <testcase name="testToPrimitive_char" classname="org.apache.commons.lang.ArrayUtilsTest" time="0.001"/>
  <testcase name="testToPrimitive_char_char" classname="org.apache.commons.lang.ArrayUtilsTest" time="0"/>
  <testcase name="testToObject_char" classname="org.apache.commons.lang.ArrayUtilsTest" time="0"/>
  <testcase name="testToPrimitive_byte" classname="org.apache.commons.lang.ArrayUtilsTest" time="0"/>
  <testcase name="testToPrimitive_byte_byte" classname="org.apache.commons.lang.ArrayUtilsTest" time="0"/>
  <testcase name="testToObject_byte" classname="org.apache.commons.lang.ArrayUtilsTest" time="0"/>
  <testcase name="testToPrimitive_short" classname="org.apache.commons.lang.ArrayUtilsTest" time="0"/>
  <testcase name="testToPrimitive_short_short" classname="org.apache.commons.lang.ArrayUtilsTest" time="0"/>
  <testcase name="testToObject_short" classname="org.apache.commons.lang.ArrayUtilsTest" time="0"/>
  <testcase name="testToPrimitive_int" classname="org.apache.commons.lang.ArrayUtilsTest" time="0"/>
  <testcase name="testToPrimitive_int_int" classname="org.apache.commons.lang.ArrayUtilsTest" time="0"/>
  <testcase name="testToPrimitive_intNull" classname="org.apache.commons.lang.ArrayUtilsTest" time="0"/>
  <testcase name="testToObject_int" classname="org.apache.commons.lang.ArrayUtilsTest" time="0"/>
  <testcase name="testToPrimitive_long" classname="org.apache.commons.lang.ArrayUtilsTest" time="0"/>
  <testcase name="testToPrimitive_long_long" classname="org.apache.commons.lang.ArrayUtilsTest" time="0"/>
  <testcase name="testToObject_long" classname="org.apache.commons.lang.ArrayUtilsTest" time="0"/>
  <testcase name="testToPrimitive_float" classname="org.apache.commons.lang.ArrayUtilsTest" time="0"/>
  <testcase name="testToPrimitive_float_float" classname="org.apache.commons.lang.ArrayUtilsTest" time="0"/>
  <testcase name="testToObject_float" classname="org.apache.commons.lang.ArrayUtilsTest" time="0"/>
  <testcase name="testToPrimitive_double" classname="org.apache.commons.lang.ArrayUtilsTest" time="0"/>
  <testcase name="testToPrimitive_double_double" classname="org.apache.commons.lang.ArrayUtilsTest" time="0"/>
  <testcase name="testToObject_double" classname="org.apache.commons.lang.ArrayUtilsTest" time="0"/>
  <testcase name="testIsEmptyObject" classname="org.apache.commons.lang.ArrayUtilsTest" time="0"/>
  <testcase name="testIsEmptyPrimitives" classname="org.apache.commons.lang.ArrayUtilsTest" time="0.001"/>
  <testcase name="testGetLength" classname="org.apache.commons.lang.ArrayUtilsTest" time="0"/>
</testsuite>