<?xml version="1.0" encoding="UTF-8" ?>
<testsuite tests="9" failures="0" name="org.apache.commons.math.linear.SparseRealVectorTest" time="0.014" errors="1" skipped="0">
  <properties>
    <property name="java.runtime.name" value="OpenJDK Runtime Environment"/>
    <property name="sun.boot.library.path" value="/usr/lib/jvm/java-8-openjdk-amd64/jre/lib/amd64"/>
    <property name="java.vm.version" value="25.131-b11"/>
    <property name="java.vm.vendor" value="Oracle Corporation"/>
    <property name="java.vendor.url" value="http://java.oracle.com/"/>
    <property name="path.separator" value=":"/>
    <property name="java.vm.name" value="OpenJDK 64-Bit Server VM"/>
    <property name="file.encoding.pkg" value="sun.io"/>
    <property name="user.country" value="CA"/>
    <property name="sun.java.launcher" value="SUN_STANDARD"/>
    <property name="sun.os.patch.level" value="unknown"/>
    <property name="java.vm.specification.name" value="Java Virtual Machine Specification"/>
    <property name="user.dir" value="/home/sajjad/Desktop/astor-master/StudiedPatches/Math/New/Positive/math49"/>
    <property name="java.runtime.version" value="1.8.0_131-8u131-b11-0ubuntu1.16.10.2-b11"/>
    <property name="java.awt.graphicsenv" value="sun.awt.X11GraphicsEnvironment"/>
    <property name="basedir" value="/home/sajjad/Desktop/astor-master/StudiedPatches/Math/New/Positive/math49"/>
    <property name="java.endorsed.dirs" value="/usr/lib/jvm/java-8-openjdk-amd64/jre/lib/endorsed"/>
    <property name="os.arch" value="amd64"/>
    <property name="surefire.real.class.path" value="/home/sajjad/Desktop/astor-master/StudiedPatches/Math/New/Positive/math49/target/surefire/surefirebooter4680443414111594527.jar"/>
    <property name="java.io.tmpdir" value="/tmp"/>
    <property name="line.separator" value="
"/>
    <property name="java.vm.specification.vendor" value="Oracle Corporation"/>
    <property name="os.name" value="Linux"/>
    <property name="sun.jnu.encoding" value="UTF-8"/>
    <property name="java.library.path" value="/usr/java/packages/lib/amd64:/usr/lib/x86_64-linux-gnu/jni:/lib/x86_64-linux-gnu:/usr/lib/x86_64-linux-gnu:/usr/lib/jni:/lib:/usr/lib"/>
    <property name="surefire.test.class.path" value="/home/sajjad/Desktop/astor-master/StudiedPatches/Math/New/Positive/math49/target/test-classes:/home/sajjad/Desktop/astor-master/StudiedPatches/Math/New/Positive/math49/target/classes:/home/sajjad/.m2/repository/junit/junit/4.8.2/junit-4.8.2.jar:"/>
    <property name="java.specification.name" value="Java Platform API Specification"/>
    <property name="java.class.version" value="52.0"/>
    <property name="sun.management.compiler" value="HotSpot 64-Bit Tiered Compilers"/>
    <property name="os.version" value="4.8.0-59-generic"/>
    <property name="user.home" value="/home/sajjad"/>
    <property name="user.timezone" value=""/>
    <property name="java.awt.printerjob" value="sun.print.PSPrinterJob"/>
    <property name="file.encoding" value="UTF-8"/>
    <property name="java.specification.version" value="1.8"/>
    <property name="user.name" value="sajjad"/>
    <property name="java.class.path" value="/home/sajjad/Desktop/astor-master/StudiedPatches/Math/New/Positive/math49/target/test-classes:/home/sajjad/Desktop/astor-master/StudiedPatches/Math/New/Positive/math49/target/classes:/home/sajjad/.m2/repository/junit/junit/4.8.2/junit-4.8.2.jar:"/>
    <property name="java.vm.specification.version" value="1.8"/>
    <property name="sun.arch.data.model" value="64"/>
    <property name="java.home" value="/usr/lib/jvm/java-8-openjdk-amd64/jre"/>
    <property name="sun.java.command" value="/home/sajjad/Desktop/astor-master/StudiedPatches/Math/New/Positive/math49/target/surefire/surefirebooter4680443414111594527.jar /home/sajjad/Desktop/astor-master/StudiedPatches/Math/New/Positive/math49/target/surefire/surefire2777787812722987720tmp /home/sajjad/Desktop/astor-master/StudiedPatches/Math/New/Positive/math49/target/surefire/surefire1208445228763837628tmp"/>
    <property name="java.specification.vendor" value="Oracle Corporation"/>
    <property name="user.language" value="en"/>
    <property name="awt.toolkit" value="sun.awt.X11.XToolkit"/>
    <property name="java.vm.info" value="mixed mode"/>
    <property name="java.version" value="1.8.0_131"/>
    <property name="java.ext.dirs" value="/usr/lib/jvm/java-8-openjdk-amd64/jre/lib/ext:/usr/java/packages/lib/ext"/>
    <property name="sun.boot.class.path" value="/usr/lib/jvm/java-8-openjdk-amd64/jre/lib/resources.jar:/usr/lib/jvm/java-8-openjdk-amd64/jre/lib/rt.jar:/usr/lib/jvm/java-8-openjdk-amd64/jre/lib/sunrsasign.jar:/usr/lib/jvm/java-8-openjdk-amd64/jre/lib/jsse.jar:/usr/lib/jvm/java-8-openjdk-amd64/jre/lib/jce.jar:/usr/lib/jvm/java-8-openjdk-amd64/jre/lib/charsets.jar:/usr/lib/jvm/java-8-openjdk-amd64/jre/lib/jfr.jar:/usr/lib/jvm/java-8-openjdk-amd64/jre/classes"/>
    <property name="java.vendor" value="Oracle Corporation"/>
    <property name="localRepository" value="/home/sajjad/.m2/repository"/>
    <property name="file.separator" value="/"/>
    <property name="java.vendor.url.bug" value="http://bugreport.sun.com/bugreport/"/>
    <property name="sun.cpu.endian" value="little"/>
    <property name="sun.io.unicode.encoding" value="UnicodeLittle"/>
    <property name="sun.desktop" value="gnome"/>
    <property name="sun.cpu.isalist" value=""/>
  </properties>
  <testcase classname="org.apache.commons.math.linear.SparseRealVectorTest" name="testSerial" time="0.002"/>
  <testcase classname="org.apache.commons.math.linear.SparseRealVectorTest" name="testConstructors" time="0.001"/>
  <testcase classname="org.apache.commons.math.linear.SparseRealVectorTest" name="testConcurrentModification" time="0.001">
    <error message="map has been modified while iterating" type="org.apache.commons.math.MathRuntimeException$6">org.apache.commons.math.MathRuntimeException$6: map has been modified while iterating
	at org.apache.commons.math.MathRuntimeException.createConcurrentModificationException(MathRuntimeException.java:373)
	at org.apache.commons.math.util.OpenIntToDoubleHashMap$Iterator.advance(OpenIntToDoubleHashMap.java:564)
	at org.apache.commons.math.linear.OpenMapRealVector.ebeMultiply(OpenMapRealVector.java:372)
	at org.apache.commons.math.linear.OpenMapRealVector.ebeMultiply(OpenMapRealVector.java:33)
	at org.apache.commons.math.linear.SparseRealVectorTest.testConcurrentModification(SparseRealVectorTest.java:1021)
	at sun.reflect.NativeMethodAccessorImpl.invoke0(Native Method)
	at sun.reflect.NativeMethodAccessorImpl.invoke(NativeMethodAccessorImpl.java:62)
	at sun.reflect.DelegatingMethodAccessorImpl.invoke(DelegatingMethodAccessorImpl.java:43)
	at java.lang.reflect.Method.invoke(Method.java:498)
	at org.junit.runners.model.FrameworkMethod$1.runReflectiveCall(FrameworkMethod.java:44)
	at org.junit.internal.runners.model.ReflectiveCallable.run(ReflectiveCallable.java:15)
	at org.junit.runners.model.FrameworkMethod.invokeExplosively(FrameworkMethod.java:41)
	at org.junit.internal.runners.statements.InvokeMethod.evaluate(InvokeMethod.java:20)
	at org.junit.runners.BlockJUnit4ClassRunner.runNotIgnored(BlockJUnit4ClassRunner.java:79)
	at org.junit.runners.BlockJUnit4ClassRunner.runChild(BlockJUnit4ClassRunner.java:71)
	at org.junit.runners.BlockJUnit4ClassRunner.runChild(BlockJUnit4ClassRunner.java:49)
	at org.junit.runners.ParentRunner$3.run(ParentRunner.java:193)
	at org.junit.runners.ParentRunner$1.schedule(ParentRunner.java:52)
	at org.junit.runners.ParentRunner.runChildren(ParentRunner.java:191)
	at org.junit.runners.ParentRunner.access$000(ParentRunner.java:42)
	at org.junit.runners.ParentRunner$2.evaluate(ParentRunner.java:184)
	at org.junit.runners.ParentRunner.run(ParentRunner.java:236)
	at org.apache.maven.surefire.junit4.JUnit4TestSet.execute(JUnit4TestSet.java:35)
	at org.apache.maven.surefire.junit4.JUnit4Provider.executeTestSet(JUnit4Provider.java:115)
	at org.apache.maven.surefire.junit4.JUnit4Provider.invoke(JUnit4Provider.java:97)
	at sun.reflect.NativeMethodAccessorImpl.invoke0(Native Method)
	at sun.reflect.NativeMethodAccessorImpl.invoke(NativeMethodAccessorImpl.java:62)
	at sun.reflect.DelegatingMethodAccessorImpl.invoke(DelegatingMethodAccessorImpl.java:43)
	at java.lang.reflect.Method.invoke(Method.java:498)
	at org.apache.maven.surefire.booter.ProviderFactory$ClassLoaderProxy.invoke(ProviderFactory.java:103)
	at com.sun.proxy.$Proxy0.invoke(Unknown Source)
	at org.apache.maven.surefire.booter.SurefireStarter.invokeProvider(SurefireStarter.java:150)
	at org.apache.maven.surefire.booter.SurefireStarter.runSuitesInProcess(SurefireStarter.java:91)
	at org.apache.maven.surefire.booter.ForkedBooter.main(ForkedBooter.java:69)
</error>
  </testcase>
  <testcase classname="org.apache.commons.math.linear.SparseRealVectorTest" name="testMisc" time="0"/>
  <testcase classname="org.apache.commons.math.linear.SparseRealVectorTest" name="testBasicFunctions" time="0.004"/>
  <testcase classname="org.apache.commons.math.linear.SparseRealVectorTest" name="testOuterProduct" time="0"/>
  <testcase classname="org.apache.commons.math.linear.SparseRealVectorTest" name="testDataInOut" time="0.001"/>
  <testcase classname="org.apache.commons.math.linear.SparseRealVectorTest" name="testMapFunctions" time="0.004"/>
  <testcase classname="org.apache.commons.math.linear.SparseRealVectorTest" name="testPredicates" time="0.001"/>
</testsuite>